


ARM Macro Assembler    Page 1 


    1 00000000         ;******************** (C) COPYRIGHT 2016 STMicroelectron
                       ics ********************
    2 00000000         ;* File Name          : startup_stm32f765xx.s
    3 00000000         ;* Author             : MCD Application Team
    4 00000000         ;* Description        : STM32F765xx devices vector table
                        for MDK-ARM toolchain. 
    5 00000000         ;*                      This module performs:
    6 00000000         ;*                      - Set the initial SP
    7 00000000         ;*                      - Set the initial PC == Reset_Ha
                       ndler
    8 00000000         ;*                      - Set the vector table entries w
                       ith the exceptions ISR address
    9 00000000         ;*                      - Branches to __main in the C li
                       brary (which eventually
   10 00000000         ;*                        calls main()).
   11 00000000         ;*                      After Reset the CortexM7 process
                       or is in Thread mode,
   12 00000000         ;*                      priority is Privileged, and the 
                       Stack is set to Main.
   13 00000000         ;* <<< Use Configuration Wizard in Context Menu >>>   
   14 00000000         ;*******************************************************
                       ************************
   15 00000000         ; 
   16 00000000         ;* Redistribution and use in source and binary forms, wi
                       th or without modification,
   17 00000000         ;* are permitted provided that the following conditions 
                       are met:
   18 00000000         ;*   1. Redistributions of source code must retain the a
                       bove copyright notice,
   19 00000000         ;*      this list of conditions and the following discla
                       imer.
   20 00000000         ;*   2. Redistributions in binary form must reproduce th
                       e above copyright notice,
   21 00000000         ;*      this list of conditions and the following discla
                       imer in the documentation
   22 00000000         ;*      and/or other materials provided with the distrib
                       ution.
   23 00000000         ;*   3. Neither the name of STMicroelectronics nor the n
                       ames of its contributors
   24 00000000         ;*      may be used to endorse or promote products deriv
                       ed from this software
   25 00000000         ;*      without specific prior written permission.
   26 00000000         ;*
   27 00000000         ;* THIS SOFTWARE IS PROVIDED BY THE COPYRIGHT HOLDERS AN
                       D CONTRIBUTORS "AS IS"
   28 00000000         ;* AND ANY EXPRESS OR IMPLIED WARRANTIES, INCLUDING, BUT
                        NOT LIMITED TO, THE
   29 00000000         ;* IMPLIED WARRANTIES OF MERCHANTABILITY AND FITNESS FOR
                        A PARTICULAR PURPOSE ARE
   30 00000000         ;* DISCLAIMED. IN NO EVENT SHALL THE COPYRIGHT HOLDER OR
                        CONTRIBUTORS BE LIABLE
   31 00000000         ;* FOR ANY DIRECT, INDIRECT, INCIDENTAL, SPECIAL, EXEMPL
                       ARY, OR CONSEQUENTIAL
   32 00000000         ;* DAMAGES (INCLUDING, BUT NOT LIMITED TO, PROCUREMENT O
                       F SUBSTITUTE GOODS OR
   33 00000000         ;* SERVICES; LOSS OF USE, DATA, OR PROFITS; OR BUSINESS 
                       INTERRUPTION) HOWEVER
   34 00000000         ;* CAUSED AND ON ANY THEORY OF LIABILITY, WHETHER IN CON
                       TRACT, STRICT LIABILITY,



ARM Macro Assembler    Page 2 


   35 00000000         ;* OR TORT (INCLUDING NEGLIGENCE OR OTHERWISE) ARISING I
                       N ANY WAY OUT OF THE USE
   36 00000000         ;* OF THIS SOFTWARE, EVEN IF ADVISED OF THE POSSIBILITY 
                       OF SUCH DAMAGE.
   37 00000000         ; 
   38 00000000         ;*******************************************************
                       ************************
   39 00000000         
   40 00000000         ; Amount of memory (in bytes) allocated for Stack
   41 00000000         ; Tailor this value to your application needs
   42 00000000         ; <h> Stack Configuration
   43 00000000         ;   <o> Stack Size (in Bytes) <0x0-0xFFFFFFFF:8>
   44 00000000         ; </h>
   45 00000000         
   46 00000000 00000400 
                       Stack_Size
                               EQU              0x400
   47 00000000         
   48 00000000                 AREA             STACK, NOINIT, READWRITE, ALIGN
=3
   49 00000000         Stack_Mem
                               SPACE            Stack_Size
   50 00000400         __initial_sp
   51 00000400         
   52 00000400         
   53 00000400         ; <h> Heap Configuration
   54 00000400         ;   <o>  Heap Size (in Bytes) <0x0-0xFFFFFFFF:8>
   55 00000400         ; </h>
   56 00000400         
   57 00000400 00000200 
                       Heap_Size
                               EQU              0x200
   58 00000400         
   59 00000400                 AREA             HEAP, NOINIT, READWRITE, ALIGN=
3
   60 00000000         __heap_base
   61 00000000         Heap_Mem
                               SPACE            Heap_Size
   62 00000200         __heap_limit
   63 00000200         
   64 00000200                 PRESERVE8
   65 00000200                 THUMB
   66 00000200         
   67 00000200         
   68 00000200         ; Vector Table Mapped to Address 0 at Reset
   69 00000200                 AREA             RESET, DATA, READONLY
   70 00000000                 EXPORT           __Vectors
   71 00000000                 EXPORT           __Vectors_End
   72 00000000                 EXPORT           __Vectors_Size
   73 00000000         
   74 00000000 00000000 
                       __Vectors
                               DCD              __initial_sp ; Top of Stack
   75 00000004 00000000        DCD              Reset_Handler ; Reset Handler
   76 00000008 00000000        DCD              NMI_Handler ; NMI Handler
   77 0000000C 00000000        DCD              HardFault_Handler ; Hard Fault 
                                                            Handler
   78 00000010 00000000        DCD              MemManage_Handler 
                                                            ; MPU Fault Handler



ARM Macro Assembler    Page 3 


                                                            
   79 00000014 00000000        DCD              BusFault_Handler 
                                                            ; Bus Fault Handler
                                                            
   80 00000018 00000000        DCD              UsageFault_Handler ; Usage Faul
                                                            t Handler
   81 0000001C 00000000        DCD              0           ; Reserved
   82 00000020 00000000        DCD              0           ; Reserved
   83 00000024 00000000        DCD              0           ; Reserved
   84 00000028 00000000        DCD              0           ; Reserved
   85 0000002C 00000000        DCD              SVC_Handler ; SVCall Handler
   86 00000030 00000000        DCD              DebugMon_Handler ; Debug Monito
                                                            r Handler
   87 00000034 00000000        DCD              0           ; Reserved
   88 00000038 00000000        DCD              PendSV_Handler ; PendSV Handler
                                                            
   89 0000003C 00000000        DCD              SysTick_Handler 
                                                            ; SysTick Handler
   90 00000040         
   91 00000040         ; External Interrupts
   92 00000040 00000000        DCD              WWDG_IRQHandler ; Window WatchD
                                                            og                 
                                                                               
                                                                
   93 00000044 00000000        DCD              PVD_IRQHandler ; PVD through EX
                                                            TI Line detection  
                                                                               
                                                               
   94 00000048 00000000        DCD              TAMP_STAMP_IRQHandler ; Tamper 
                                                            and TimeStamps thro
                                                            ugh the EXTI line  
                                                                      
   95 0000004C 00000000        DCD              RTC_WKUP_IRQHandler ; RTC Wakeu
                                                            p through the EXTI 
                                                            line               
                                                                    
   96 00000050 00000000        DCD              FLASH_IRQHandler ; FLASH       
                                                                               
                                                                             
   97 00000054 00000000        DCD              RCC_IRQHandler ; RCC           
                                                                               
                                                                           
   98 00000058 00000000        DCD              EXTI0_IRQHandler ; EXTI Line0  
                                                                               
                                                                               
                                                                 
   99 0000005C 00000000        DCD              EXTI1_IRQHandler ; EXTI Line1  
                                                                               
                                                                               
                                                                 
  100 00000060 00000000        DCD              EXTI2_IRQHandler ; EXTI Line2  
                                                                               
                                                                               
                                                                 
  101 00000064 00000000        DCD              EXTI3_IRQHandler ; EXTI Line3  
                                                                               
                                                                               
                                                                 
  102 00000068 00000000        DCD              EXTI4_IRQHandler ; EXTI Line4  



ARM Macro Assembler    Page 4 


                                                                               
                                                                               
                                                                 
  103 0000006C 00000000        DCD              DMA1_Stream0_IRQHandler ; DMA1 
                                                            Stream 0           
                                                                               
                                                                 
  104 00000070 00000000        DCD              DMA1_Stream1_IRQHandler ; DMA1 
                                                            Stream 1           
                                                                               
                                                                 
  105 00000074 00000000        DCD              DMA1_Stream2_IRQHandler ; DMA1 
                                                            Stream 2           
                                                                               
                                                                 
  106 00000078 00000000        DCD              DMA1_Stream3_IRQHandler ; DMA1 
                                                            Stream 3           
                                                                               
                                                                 
  107 0000007C 00000000        DCD              DMA1_Stream4_IRQHandler ; DMA1 
                                                            Stream 4           
                                                                               
                                                                 
  108 00000080 00000000        DCD              DMA1_Stream5_IRQHandler ; DMA1 
                                                            Stream 5           
                                                                               
                                                                 
  109 00000084 00000000        DCD              DMA1_Stream6_IRQHandler ; DMA1 
                                                            Stream 6           
                                                                               
                                                                 
  110 00000088 00000000        DCD              ADC_IRQHandler ; ADC1, ADC2 and
                                                             ADC3s             
                                                                           
  111 0000008C 00000000        DCD              CAN1_TX_IRQHandler ; CAN1 TX   
                                                                               
                                                                               
                                                                   
  112 00000090 00000000        DCD              CAN1_RX0_IRQHandler ; CAN1 RX0 
                                                                               
                                                                               
                                                                    
  113 00000094 00000000        DCD              CAN1_RX1_IRQHandler ; CAN1 RX1 
                                                                               
                                                                               
                                                                    
  114 00000098 00000000        DCD              CAN1_SCE_IRQHandler ; CAN1 SCE 
                                                                               
                                                                               
                                                                    
  115 0000009C 00000000        DCD              EXTI9_5_IRQHandler ; External L
                                                            ine[9:5]s          
                                                                               
                                                                   
  116 000000A0 00000000        DCD              TIM1_BRK_TIM9_IRQHandler ; TIM1
                                                             Break and TIM9    
                                                                           
  117 000000A4 00000000        DCD              TIM1_UP_TIM10_IRQHandler ; TIM1
                                                             Update and TIM10  



ARM Macro Assembler    Page 5 


                                                                           
  118 000000A8 00000000        DCD              TIM1_TRG_COM_TIM11_IRQHandler ;
                                                             TIM1 Trigger and C
                                                            ommutation and TIM1
                                                            1
  119 000000AC 00000000        DCD              TIM1_CC_IRQHandler ; TIM1 Captu
                                                            re Compare         
                                                                               
                                                                   
  120 000000B0 00000000        DCD              TIM2_IRQHandler ; TIM2         
                                                                               
                                                                            
  121 000000B4 00000000        DCD              TIM3_IRQHandler ; TIM3         
                                                                               
                                                                            
  122 000000B8 00000000        DCD              TIM4_IRQHandler ; TIM4         
                                                                               
                                                                            
  123 000000BC 00000000        DCD              I2C1_EV_IRQHandler ; I2C1 Event
                                                                               
                                                                               
                                                                   
  124 000000C0 00000000        DCD              I2C1_ER_IRQHandler ; I2C1 Error
                                                                               
                                                                               
                                                                   
  125 000000C4 00000000        DCD              I2C2_EV_IRQHandler ; I2C2 Event
                                                                               
                                                                               
                                                                   
  126 000000C8 00000000        DCD              I2C2_ER_IRQHandler ; I2C2 Error
                                                                               
                                                                               
                                                                     
  127 000000CC 00000000        DCD              SPI1_IRQHandler ; SPI1         
                                                                               
                                                                            
  128 000000D0 00000000        DCD              SPI2_IRQHandler ; SPI2         
                                                                               
                                                                            
  129 000000D4 00000000        DCD              USART1_IRQHandler ; USART1     
                                                                               
                                                                              
  130 000000D8 00000000        DCD              USART2_IRQHandler ; USART2     
                                                                               
                                                                              
  131 000000DC 00000000        DCD              USART3_IRQHandler ; USART3     
                                                                               
                                                                              
  132 000000E0 00000000        DCD              EXTI15_10_IRQHandler ; External
                                                             Line[15:10]s      
                                                                               
                                                                     
  133 000000E4 00000000        DCD              RTC_Alarm_IRQHandler ; RTC Alar
                                                            m (A and B) through
                                                             EXTI Line         
                                                                     
  134 000000E8 00000000        DCD              OTG_FS_WKUP_IRQHandler ; USB OT
                                                            G FS Wakeup through



ARM Macro Assembler    Page 6 


                                                             EXTI line         
                                                                           
  135 000000EC 00000000        DCD              TIM8_BRK_TIM12_IRQHandler ; TIM
                                                            8 Break and TIM12  
                                                                            
  136 000000F0 00000000        DCD              TIM8_UP_TIM13_IRQHandler ; TIM8
                                                             Update and TIM13  
                                                                           
  137 000000F4 00000000        DCD              TIM8_TRG_COM_TIM14_IRQHandler ;
                                                             TIM8 Trigger and C
                                                            ommutation and TIM1
                                                            4
  138 000000F8 00000000        DCD              TIM8_CC_IRQHandler ; TIM8 Captu
                                                            re Compare         
                                                                               
                                                                   
  139 000000FC 00000000        DCD              DMA1_Stream7_IRQHandler ; DMA1 
                                                            Stream7            
                                                                               
                                                                        
  140 00000100 00000000        DCD              FMC_IRQHandler ; FMC           
                                                                               
                                                                           
  141 00000104 00000000        DCD              SDMMC1_IRQHandler ; SDMMC1     
                                                                               
                                                                               
                                                             
  142 00000108 00000000        DCD              TIM5_IRQHandler ; TIM5         
                                                                               
                                                                            
  143 0000010C 00000000        DCD              SPI3_IRQHandler ; SPI3         
                                                                               
                                                                            
  144 00000110 00000000        DCD              UART4_IRQHandler ; UART4       
                                                                               
                                                                             
  145 00000114 00000000        DCD              UART5_IRQHandler ; UART5       
                                                                               
                                                                             
  146 00000118 00000000        DCD              TIM6_DAC_IRQHandler ; TIM6 and 
                                                            DAC1&2 underrun err
                                                            ors                
                                                               
  147 0000011C 00000000        DCD              TIM7_IRQHandler ; TIM7         
                                                                      
  148 00000120 00000000        DCD              DMA2_Stream0_IRQHandler ; DMA2 
                                                            Stream 0           
                                                                               
                                                                 
  149 00000124 00000000        DCD              DMA2_Stream1_IRQHandler ; DMA2 
                                                            Stream 1           
                                                                               
                                                                 
  150 00000128 00000000        DCD              DMA2_Stream2_IRQHandler ; DMA2 
                                                            Stream 2           
                                                                               
                                                                 
  151 0000012C 00000000        DCD              DMA2_Stream3_IRQHandler ; DMA2 
                                                            Stream 3           



ARM Macro Assembler    Page 7 


                                                                               
                                                                 
  152 00000130 00000000        DCD              DMA2_Stream4_IRQHandler ; DMA2 
                                                            Stream 4           
                                                                               
                                                                 
  153 00000134 00000000        DCD              ETH_IRQHandler ; Ethernet      
                                                                               
                                                                           
  154 00000138 00000000        DCD              ETH_WKUP_IRQHandler ; Ethernet 
                                                            Wakeup through EXTI
                                                             line              
                                                                    
  155 0000013C 00000000        DCD              CAN2_TX_IRQHandler ; CAN2 TX   
                                                                               
                                                                               
                                                                   
  156 00000140 00000000        DCD              CAN2_RX0_IRQHandler ; CAN2 RX0 
                                                                               
                                                                               
                                                                    
  157 00000144 00000000        DCD              CAN2_RX1_IRQHandler ; CAN2 RX1 
                                                                               
                                                                               
                                                                    
  158 00000148 00000000        DCD              CAN2_SCE_IRQHandler ; CAN2 SCE 
                                                                               
                                                                               
                                                                    
  159 0000014C 00000000        DCD              OTG_FS_IRQHandler ; USB OTG FS 
                                                                               
                                                                              
  160 00000150 00000000        DCD              DMA2_Stream5_IRQHandler ; DMA2 
                                                            Stream 5           
                                                                               
                                                                 
  161 00000154 00000000        DCD              DMA2_Stream6_IRQHandler ; DMA2 
                                                            Stream 6           
                                                                               
                                                                 
  162 00000158 00000000        DCD              DMA2_Stream7_IRQHandler ; DMA2 
                                                            Stream 7           
                                                                               
                                                                 
  163 0000015C 00000000        DCD              USART6_IRQHandler ; USART6     
                                                                               
                                                                               
                                                            
  164 00000160 00000000        DCD              I2C3_EV_IRQHandler ; I2C3 event
                                                                               
                                                                               
                                                                   
  165 00000164 00000000        DCD              I2C3_ER_IRQHandler ; I2C3 error
                                                                               
                                                                               
                                                                   
  166 00000168 00000000        DCD              OTG_HS_EP1_OUT_IRQHandler ; USB
                                                             OTG HS End Point 1
                                                             Out               



ARM Macro Assembler    Page 8 


                                                                   
  167 0000016C 00000000        DCD              OTG_HS_EP1_IN_IRQHandler ; USB 
                                                            OTG HS End Point 1 
                                                            In                 
                                                                  
  168 00000170 00000000        DCD              OTG_HS_WKUP_IRQHandler ; USB OT
                                                            G HS Wakeup through
                                                             EXTI              
                                                                       
  169 00000174 00000000        DCD              OTG_HS_IRQHandler ; USB OTG HS 
                                                                               
                                                                              
  170 00000178 00000000        DCD              DCMI_IRQHandler ; DCMI         
                                                                               
                                                                            
  171 0000017C 00000000        DCD              0           ; Reserved
  172 00000180 00000000        DCD              RNG_IRQHandler ; Rng
  173 00000184 00000000        DCD              FPU_IRQHandler ; FPU
  174 00000188 00000000        DCD              UART7_IRQHandler ; UART7
  175 0000018C 00000000        DCD              UART8_IRQHandler ; UART8
  176 00000190 00000000        DCD              SPI4_IRQHandler ; SPI4
  177 00000194 00000000        DCD              SPI5_IRQHandler ; SPI5
  178 00000198 00000000        DCD              SPI6_IRQHandler ; SPI6
  179 0000019C 00000000        DCD              SAI1_IRQHandler ; SAI1
  180 000001A0 00000000        DCD              0           ; Reserved
  181 000001A4 00000000        DCD              0           ; Reserved
  182 000001A8 00000000        DCD              DMA2D_IRQHandler ; DMA2D
  183 000001AC 00000000        DCD              SAI2_IRQHandler ; SAI2
  184 000001B0 00000000        DCD              QUADSPI_IRQHandler ; QUADSPI
  185 000001B4 00000000        DCD              LPTIM1_IRQHandler ; LPTIM1
  186 000001B8 00000000        DCD              CEC_IRQHandler ; HDMI_CEC
  187 000001BC 00000000        DCD              I2C4_EV_IRQHandler ; I2C4 Event
                                                            
  188 000001C0 00000000        DCD              I2C4_ER_IRQHandler 
                                                            ; I2C4 Error 
  189 000001C4 00000000        DCD              SPDIF_RX_IRQHandler ; SPDIF_RX
  190 000001C8 00000000        DCD              0           ; Reserved
  191 000001CC 00000000        DCD              DFSDM1_FLT0_IRQHandler ; DFSDM1
                                                             Filter 0 global In
                                                            terrupt
  192 000001D0 00000000        DCD              DFSDM1_FLT1_IRQHandler ; DFSDM1
                                                             Filter 1 global In
                                                            terrupt
  193 000001D4 00000000        DCD              DFSDM1_FLT2_IRQHandler ; DFSDM1
                                                             Filter 2 global In
                                                            terrupt
  194 000001D8 00000000        DCD              DFSDM1_FLT3_IRQHandler ; DFSDM1
                                                             Filter 3 global In
                                                            terrupt
  195 000001DC 00000000        DCD              SDMMC2_IRQHandler ; SDMMC2
  196 000001E0 00000000        DCD              CAN3_TX_IRQHandler ; CAN3 TX
  197 000001E4 00000000        DCD              CAN3_RX0_IRQHandler ; CAN3 RX0
  198 000001E8 00000000        DCD              CAN3_RX1_IRQHandler ; CAN3 RX1
  199 000001EC 00000000        DCD              CAN3_SCE_IRQHandler ; CAN3 SCE
  200 000001F0 00000000        DCD              0           ; Reserved
  201 000001F4 00000000        DCD              MDIOS_IRQHandler ; MDIOS
  202 000001F8         __Vectors_End
  203 000001F8         
  204 000001F8 000001F8 



ARM Macro Assembler    Page 9 


                       __Vectors_Size
                               EQU              __Vectors_End - __Vectors
  205 000001F8         
  206 000001F8                 AREA             |.text|, CODE, READONLY
  207 00000000         
  208 00000000         ; Reset handler
  209 00000000         Reset_Handler
                               PROC
  210 00000000                 EXPORT           Reset_Handler             [WEAK
]
  211 00000000                 IMPORT           SystemInit
  212 00000000                 IMPORT           __main
  213 00000000         ; debug - fill stack area with check pattern
  214 00000000 480B            LDR              R0, =Stack_Mem ; Test stack
  215 00000002 F44F 6180       LDR              R1, =Stack_Size ;
  216 00000006 F04F 32CC       LDR              R2, =0xCCCCCCCC ;
  217 0000000A F840 2B04 
                       Fill    STR              R2, [R0], #4 ;
  218 0000000E 3904            SUBS             R1,#4       ;
  219 00000010 D1FB            BNE              Fill        ;
  220 00000012         ; end of debug
  221 00000012 4808            LDR              R0, =SystemInit
  222 00000014 4780            BLX              R0
  223 00000016 4808            LDR              R0, =__main
  224 00000018 4700            BX               R0
  225 0000001A                 ENDP
  226 0000001A         
  227 0000001A         ; Dummy Exception Handlers (infinite loops which can be 
                       modified)
  228 0000001A         
  229 0000001A         NMI_Handler
                               PROC
  230 0000001A                 EXPORT           NMI_Handler                [WEA
K]
  231 0000001A E7FE            B                .
  232 0000001C                 ENDP
  234 0000001C         HardFault_Handler
                               PROC
  235 0000001C                 EXPORT           HardFault_Handler          [WEA
K]
  236 0000001C E7FE            B                .
  237 0000001E                 ENDP
  239 0000001E         MemManage_Handler
                               PROC
  240 0000001E                 EXPORT           MemManage_Handler          [WEA
K]
  241 0000001E E7FE            B                .
  242 00000020                 ENDP
  244 00000020         BusFault_Handler
                               PROC
  245 00000020                 EXPORT           BusFault_Handler           [WEA
K]
  246 00000020 E7FE            B                .
  247 00000022                 ENDP
  249 00000022         UsageFault_Handler
                               PROC
  250 00000022                 EXPORT           UsageFault_Handler         [WEA
K]
  251 00000022 E7FE            B                .



ARM Macro Assembler    Page 10 


  252 00000024                 ENDP
  253 00000024         SVC_Handler
                               PROC
  254 00000024                 EXPORT           SVC_Handler                [WEA
K]
  255 00000024 E7FE            B                .
  256 00000026                 ENDP
  258 00000026         DebugMon_Handler
                               PROC
  259 00000026                 EXPORT           DebugMon_Handler           [WEA
K]
  260 00000026 E7FE            B                .
  261 00000028                 ENDP
  262 00000028         PendSV_Handler
                               PROC
  263 00000028                 EXPORT           PendSV_Handler             [WEA
K]
  264 00000028 E7FE            B                .
  265 0000002A                 ENDP
  266 0000002A         SysTick_Handler
                               PROC
  267 0000002A                 EXPORT           SysTick_Handler            [WEA
K]
  268 0000002A E7FE            B                .
  269 0000002C                 ENDP
  270 0000002C         
  271 0000002C         Default_Handler
                               PROC
  272 0000002C         
  273 0000002C                 EXPORT           WWDG_IRQHandler                
   [WEAK]
  274 0000002C                 EXPORT           PVD_IRQHandler                 
   [WEAK]
  275 0000002C                 EXPORT           TAMP_STAMP_IRQHandler          
   [WEAK]
  276 0000002C                 EXPORT           RTC_WKUP_IRQHandler            
   [WEAK]
  277 0000002C                 EXPORT           FLASH_IRQHandler               
   [WEAK]
  278 0000002C                 EXPORT           RCC_IRQHandler                 
   [WEAK]
  279 0000002C                 EXPORT           EXTI0_IRQHandler               
   [WEAK]
  280 0000002C                 EXPORT           EXTI1_IRQHandler               
   [WEAK]
  281 0000002C                 EXPORT           EXTI2_IRQHandler               
   [WEAK]
  282 0000002C                 EXPORT           EXTI3_IRQHandler               
   [WEAK]
  283 0000002C                 EXPORT           EXTI4_IRQHandler               
   [WEAK]
  284 0000002C                 EXPORT           DMA1_Stream0_IRQHandler        
   [WEAK]
  285 0000002C                 EXPORT           DMA1_Stream1_IRQHandler        
   [WEAK]
  286 0000002C                 EXPORT           DMA1_Stream2_IRQHandler        
   [WEAK]
  287 0000002C                 EXPORT           DMA1_Stream3_IRQHandler        
   [WEAK]



ARM Macro Assembler    Page 11 


  288 0000002C                 EXPORT           DMA1_Stream4_IRQHandler        
   [WEAK]
  289 0000002C                 EXPORT           DMA1_Stream5_IRQHandler        
   [WEAK]
  290 0000002C                 EXPORT           DMA1_Stream6_IRQHandler        
   [WEAK]
  291 0000002C                 EXPORT           ADC_IRQHandler                 
   [WEAK]
  292 0000002C                 EXPORT           CAN1_TX_IRQHandler             
   [WEAK]
  293 0000002C                 EXPORT           CAN1_RX0_IRQHandler            
   [WEAK]
  294 0000002C                 EXPORT           CAN1_RX1_IRQHandler            
   [WEAK]
  295 0000002C                 EXPORT           CAN1_SCE_IRQHandler            
   [WEAK]
  296 0000002C                 EXPORT           EXTI9_5_IRQHandler             
   [WEAK]
  297 0000002C                 EXPORT           TIM1_BRK_TIM9_IRQHandler       
   [WEAK]
  298 0000002C                 EXPORT           TIM1_UP_TIM10_IRQHandler       
   [WEAK]
  299 0000002C                 EXPORT           TIM1_TRG_COM_TIM11_IRQHandler  
   [WEAK]
  300 0000002C                 EXPORT           TIM1_CC_IRQHandler             
   [WEAK]
  301 0000002C                 EXPORT           TIM2_IRQHandler                
   [WEAK]
  302 0000002C                 EXPORT           TIM3_IRQHandler                
   [WEAK]
  303 0000002C                 EXPORT           TIM4_IRQHandler                
   [WEAK]
  304 0000002C                 EXPORT           I2C1_EV_IRQHandler             
   [WEAK]
  305 0000002C                 EXPORT           I2C1_ER_IRQHandler             
   [WEAK]
  306 0000002C                 EXPORT           I2C2_EV_IRQHandler             
   [WEAK]
  307 0000002C                 EXPORT           I2C2_ER_IRQHandler             
   [WEAK]
  308 0000002C                 EXPORT           SPI1_IRQHandler                
   [WEAK]
  309 0000002C                 EXPORT           SPI2_IRQHandler                
   [WEAK]
  310 0000002C                 EXPORT           USART1_IRQHandler              
   [WEAK]
  311 0000002C                 EXPORT           USART2_IRQHandler              
   [WEAK]
  312 0000002C                 EXPORT           USART3_IRQHandler              
   [WEAK]
  313 0000002C                 EXPORT           EXTI15_10_IRQHandler           
   [WEAK]
  314 0000002C                 EXPORT           RTC_Alarm_IRQHandler           
   [WEAK]
  315 0000002C                 EXPORT           OTG_FS_WKUP_IRQHandler         
   [WEAK]
  316 0000002C                 EXPORT           TIM8_BRK_TIM12_IRQHandler      
   [WEAK]
  317 0000002C                 EXPORT           TIM8_UP_TIM13_IRQHandler       



ARM Macro Assembler    Page 12 


   [WEAK]
  318 0000002C                 EXPORT           TIM8_TRG_COM_TIM14_IRQHandler  
   [WEAK]
  319 0000002C                 EXPORT           TIM8_CC_IRQHandler             
   [WEAK]
  320 0000002C                 EXPORT           DMA1_Stream7_IRQHandler        
   [WEAK]
  321 0000002C                 EXPORT           FMC_IRQHandler                 
   [WEAK]
  322 0000002C                 EXPORT           SDMMC1_IRQHandler              
   [WEAK]
  323 0000002C                 EXPORT           TIM5_IRQHandler                
   [WEAK]
  324 0000002C                 EXPORT           SPI3_IRQHandler                
   [WEAK]
  325 0000002C                 EXPORT           UART4_IRQHandler               
   [WEAK]
  326 0000002C                 EXPORT           UART5_IRQHandler               
   [WEAK]
  327 0000002C                 EXPORT           TIM6_DAC_IRQHandler            
   [WEAK]
  328 0000002C                 EXPORT           TIM7_IRQHandler                
   [WEAK]
  329 0000002C                 EXPORT           DMA2_Stream0_IRQHandler        
   [WEAK]
  330 0000002C                 EXPORT           DMA2_Stream1_IRQHandler        
   [WEAK]
  331 0000002C                 EXPORT           DMA2_Stream2_IRQHandler        
   [WEAK]
  332 0000002C                 EXPORT           DMA2_Stream3_IRQHandler        
   [WEAK]
  333 0000002C                 EXPORT           DMA2_Stream4_IRQHandler        
   [WEAK]
  334 0000002C                 EXPORT           ETH_IRQHandler                 
   [WEAK]
  335 0000002C                 EXPORT           ETH_WKUP_IRQHandler            
   [WEAK]
  336 0000002C                 EXPORT           CAN2_TX_IRQHandler             
   [WEAK]
  337 0000002C                 EXPORT           CAN2_RX0_IRQHandler            
   [WEAK]
  338 0000002C                 EXPORT           CAN2_RX1_IRQHandler            
   [WEAK]
  339 0000002C                 EXPORT           CAN2_SCE_IRQHandler            
   [WEAK]
  340 0000002C                 EXPORT           OTG_FS_IRQHandler              
   [WEAK]
  341 0000002C                 EXPORT           DMA2_Stream5_IRQHandler        
   [WEAK]
  342 0000002C                 EXPORT           DMA2_Stream6_IRQHandler        
   [WEAK]
  343 0000002C                 EXPORT           DMA2_Stream7_IRQHandler        
   [WEAK]
  344 0000002C                 EXPORT           USART6_IRQHandler              
   [WEAK]
  345 0000002C                 EXPORT           I2C3_EV_IRQHandler             
   [WEAK]
  346 0000002C                 EXPORT           I2C3_ER_IRQHandler             
   [WEAK]



ARM Macro Assembler    Page 13 


  347 0000002C                 EXPORT           OTG_HS_EP1_OUT_IRQHandler      
   [WEAK]
  348 0000002C                 EXPORT           OTG_HS_EP1_IN_IRQHandler       
   [WEAK]
  349 0000002C                 EXPORT           OTG_HS_WKUP_IRQHandler         
   [WEAK]
  350 0000002C                 EXPORT           OTG_HS_IRQHandler              
   [WEAK]
  351 0000002C                 EXPORT           DCMI_IRQHandler                
   [WEAK]
  352 0000002C                 EXPORT           RNG_IRQHandler                 
   [WEAK]
  353 0000002C                 EXPORT           FPU_IRQHandler                 
   [WEAK]
  354 0000002C                 EXPORT           UART7_IRQHandler               
   [WEAK]
  355 0000002C                 EXPORT           UART8_IRQHandler               
   [WEAK]
  356 0000002C                 EXPORT           SPI4_IRQHandler                
   [WEAK]
  357 0000002C                 EXPORT           SPI5_IRQHandler                
   [WEAK]
  358 0000002C                 EXPORT           SPI6_IRQHandler                
   [WEAK]
  359 0000002C                 EXPORT           SAI1_IRQHandler                
   [WEAK]
  360 0000002C                 EXPORT           DMA2D_IRQHandler               
   [WEAK]
  361 0000002C                 EXPORT           SAI2_IRQHandler                
   [WEAK]
  362 0000002C                 EXPORT           QUADSPI_IRQHandler             
   [WEAK]
  363 0000002C                 EXPORT           LPTIM1_IRQHandler              
   [WEAK]
  364 0000002C                 EXPORT           CEC_IRQHandler                 
   [WEAK]
  365 0000002C                 EXPORT           I2C4_EV_IRQHandler             
   [WEAK]
  366 0000002C                 EXPORT           I2C4_ER_IRQHandler             
   [WEAK]
  367 0000002C                 EXPORT           SPDIF_RX_IRQHandler            
   [WEAK]
  368 0000002C                 EXPORT           DFSDM1_FLT0_IRQHandler         
   [WEAK]
  369 0000002C                 EXPORT           DFSDM1_FLT1_IRQHandler         
   [WEAK]
  370 0000002C                 EXPORT           DFSDM1_FLT2_IRQHandler         
   [WEAK]
  371 0000002C                 EXPORT           DFSDM1_FLT3_IRQHandler         
   [WEAK]
  372 0000002C                 EXPORT           SDMMC2_IRQHandler              
   [WEAK]
  373 0000002C                 EXPORT           CAN3_TX_IRQHandler             
   [WEAK]
  374 0000002C                 EXPORT           CAN3_RX0_IRQHandler            
   [WEAK]
  375 0000002C                 EXPORT           CAN3_RX1_IRQHandler            
   [WEAK]
  376 0000002C                 EXPORT           CAN3_SCE_IRQHandler            



ARM Macro Assembler    Page 14 


   [WEAK]
  377 0000002C                 EXPORT           MDIOS_IRQHandler               
   [WEAK]
  378 0000002C         
  379 0000002C         WWDG_IRQHandler
  380 0000002C         PVD_IRQHandler
  381 0000002C         TAMP_STAMP_IRQHandler
  382 0000002C         RTC_WKUP_IRQHandler
  383 0000002C         FLASH_IRQHandler
  384 0000002C         RCC_IRQHandler
  385 0000002C         EXTI0_IRQHandler
  386 0000002C         EXTI1_IRQHandler
  387 0000002C         EXTI2_IRQHandler
  388 0000002C         EXTI3_IRQHandler
  389 0000002C         EXTI4_IRQHandler
  390 0000002C         DMA1_Stream0_IRQHandler
  391 0000002C         DMA1_Stream1_IRQHandler
  392 0000002C         DMA1_Stream2_IRQHandler
  393 0000002C         DMA1_Stream3_IRQHandler
  394 0000002C         DMA1_Stream4_IRQHandler
  395 0000002C         DMA1_Stream5_IRQHandler
  396 0000002C         DMA1_Stream6_IRQHandler
  397 0000002C         ADC_IRQHandler
  398 0000002C         CAN1_TX_IRQHandler
  399 0000002C         CAN1_RX0_IRQHandler
  400 0000002C         CAN1_RX1_IRQHandler
  401 0000002C         CAN1_SCE_IRQHandler
  402 0000002C         EXTI9_5_IRQHandler
  403 0000002C         TIM1_BRK_TIM9_IRQHandler
  404 0000002C         TIM1_UP_TIM10_IRQHandler
  405 0000002C         TIM1_TRG_COM_TIM11_IRQHandler
  406 0000002C         TIM1_CC_IRQHandler
  407 0000002C         TIM2_IRQHandler
  408 0000002C         TIM3_IRQHandler
  409 0000002C         TIM4_IRQHandler
  410 0000002C         I2C1_EV_IRQHandler
  411 0000002C         I2C1_ER_IRQHandler
  412 0000002C         I2C2_EV_IRQHandler
  413 0000002C         I2C2_ER_IRQHandler
  414 0000002C         SPI1_IRQHandler
  415 0000002C         SPI2_IRQHandler
  416 0000002C         USART1_IRQHandler
  417 0000002C         USART2_IRQHandler
  418 0000002C         USART3_IRQHandler
  419 0000002C         EXTI15_10_IRQHandler
  420 0000002C         RTC_Alarm_IRQHandler
  421 0000002C         OTG_FS_WKUP_IRQHandler
  422 0000002C         TIM8_BRK_TIM12_IRQHandler
  423 0000002C         TIM8_UP_TIM13_IRQHandler
  424 0000002C         TIM8_TRG_COM_TIM14_IRQHandler
  425 0000002C         TIM8_CC_IRQHandler
  426 0000002C         DMA1_Stream7_IRQHandler
  427 0000002C         FMC_IRQHandler
  428 0000002C         SDMMC1_IRQHandler
  429 0000002C         TIM5_IRQHandler
  430 0000002C         SPI3_IRQHandler
  431 0000002C         UART4_IRQHandler
  432 0000002C         UART5_IRQHandler
  433 0000002C         TIM6_DAC_IRQHandler



ARM Macro Assembler    Page 15 


  434 0000002C         TIM7_IRQHandler
  435 0000002C         DMA2_Stream0_IRQHandler
  436 0000002C         DMA2_Stream1_IRQHandler
  437 0000002C         DMA2_Stream2_IRQHandler
  438 0000002C         DMA2_Stream3_IRQHandler
  439 0000002C         DMA2_Stream4_IRQHandler
  440 0000002C         ETH_IRQHandler
  441 0000002C         ETH_WKUP_IRQHandler
  442 0000002C         CAN2_TX_IRQHandler
  443 0000002C         CAN2_RX0_IRQHandler
  444 0000002C         CAN2_RX1_IRQHandler
  445 0000002C         CAN2_SCE_IRQHandler
  446 0000002C         OTG_FS_IRQHandler
  447 0000002C         DMA2_Stream5_IRQHandler
  448 0000002C         DMA2_Stream6_IRQHandler
  449 0000002C         DMA2_Stream7_IRQHandler
  450 0000002C         USART6_IRQHandler
  451 0000002C         I2C3_EV_IRQHandler
  452 0000002C         I2C3_ER_IRQHandler
  453 0000002C         OTG_HS_EP1_OUT_IRQHandler
  454 0000002C         OTG_HS_EP1_IN_IRQHandler
  455 0000002C         OTG_HS_WKUP_IRQHandler
  456 0000002C         OTG_HS_IRQHandler
  457 0000002C         DCMI_IRQHandler
  458 0000002C         RNG_IRQHandler
  459 0000002C         FPU_IRQHandler
  460 0000002C         UART7_IRQHandler
  461 0000002C         UART8_IRQHandler
  462 0000002C         SPI4_IRQHandler
  463 0000002C         SPI5_IRQHandler
  464 0000002C         SPI6_IRQHandler
  465 0000002C         SAI1_IRQHandler
  466 0000002C         DMA2D_IRQHandler
  467 0000002C         SAI2_IRQHandler
  468 0000002C         QUADSPI_IRQHandler
  469 0000002C         LPTIM1_IRQHandler
  470 0000002C         CEC_IRQHandler
  471 0000002C         I2C4_EV_IRQHandler
  472 0000002C         I2C4_ER_IRQHandler
  473 0000002C         SPDIF_RX_IRQHandler
  474 0000002C         DFSDM1_FLT0_IRQHandler
  475 0000002C         DFSDM1_FLT1_IRQHandler
  476 0000002C         DFSDM1_FLT2_IRQHandler
  477 0000002C         DFSDM1_FLT3_IRQHandler
  478 0000002C         SDMMC2_IRQHandler
  479 0000002C         CAN3_TX_IRQHandler
  480 0000002C         CAN3_RX0_IRQHandler
  481 0000002C         CAN3_RX1_IRQHandler
  482 0000002C         CAN3_SCE_IRQHandler
  483 0000002C         MDIOS_IRQHandler
  484 0000002C E7FE            B                .
  485 0000002E         
  486 0000002E                 ENDP
  487 0000002E         
  488 0000002E 00 00           ALIGN
  489 00000030         
  490 00000030         ;*******************************************************
                       ************************
  491 00000030         ; User Stack and Heap initialization



ARM Macro Assembler    Page 16 


  492 00000030         ;*******************************************************
                       ************************
  493 00000030                 IF               :DEF:__MICROLIB
  494 00000030         
  495 00000030                 EXPORT           __initial_sp
  496 00000030                 EXPORT           __heap_base
  497 00000030                 EXPORT           __heap_limit
  498 00000030         
  499 00000030                 ELSE
  523                          ENDIF
  524 00000030         
  525 00000030                 END
              00000000 
              00000000 
              00000000 
Command Line: --debug --xref --diag_suppress=9931 --cpu=Cortex-M7.fp.dp --apcs=
interwork --depend=.\pfc\startup_stm32f765xx.d -o.\pfc\startup_stm32f765xx.o -I
.\RTE\_PFC -ID:\Keil_v5\ARM\PACK\ARM\CMSIS\5.6.0\CMSIS\Core\Include -ID:\Keil_v
5\ARM\PACK\Keil\STM32F7xx_DFP\2.12.0\Drivers\CMSIS\Device\ST\STM32F7xx\Include 
--predefine="__MICROLIB SETA 1" --predefine="__UVISION_VERSION SETA 528" --pred
efine="_RTE_ SETA 1" --predefine="STM32F765xx SETA 1" --list=startup_stm32f765x
x.lst startup_stm32f765xx.s



ARM Macro Assembler    Page 1 Alphabetic symbol ordering
Relocatable symbols

STACK 00000000

Symbol: STACK
   Definitions
      At line 48 in file startup_stm32f765xx.s
   Uses
      None
Comment: STACK unused
Stack_Mem 00000000

Symbol: Stack_Mem
   Definitions
      At line 49 in file startup_stm32f765xx.s
   Uses
      At line 214 in file startup_stm32f765xx.s
Comment: Stack_Mem used once
__initial_sp 00000400

Symbol: __initial_sp
   Definitions
      At line 50 in file startup_stm32f765xx.s
   Uses
      At line 74 in file startup_stm32f765xx.s
      At line 495 in file startup_stm32f765xx.s

3 symbols



ARM Macro Assembler    Page 1 Alphabetic symbol ordering
Relocatable symbols

HEAP 00000000

Symbol: HEAP
   Definitions
      At line 59 in file startup_stm32f765xx.s
   Uses
      None
Comment: HEAP unused
Heap_Mem 00000000

Symbol: Heap_Mem
   Definitions
      At line 61 in file startup_stm32f765xx.s
   Uses
      None
Comment: Heap_Mem unused
__heap_base 00000000

Symbol: __heap_base
   Definitions
      At line 60 in file startup_stm32f765xx.s
   Uses
      At line 496 in file startup_stm32f765xx.s
Comment: __heap_base used once
__heap_limit 00000200

Symbol: __heap_limit
   Definitions
      At line 62 in file startup_stm32f765xx.s
   Uses
      At line 497 in file startup_stm32f765xx.s
Comment: __heap_limit used once
4 symbols



ARM Macro Assembler    Page 1 Alphabetic symbol ordering
Relocatable symbols

RESET 00000000

Symbol: RESET
   Definitions
      At line 69 in file startup_stm32f765xx.s
   Uses
      None
Comment: RESET unused
__Vectors 00000000

Symbol: __Vectors
   Definitions
      At line 74 in file startup_stm32f765xx.s
   Uses
      At line 70 in file startup_stm32f765xx.s
      At line 204 in file startup_stm32f765xx.s

__Vectors_End 000001F8

Symbol: __Vectors_End
   Definitions
      At line 202 in file startup_stm32f765xx.s
   Uses
      At line 71 in file startup_stm32f765xx.s
      At line 204 in file startup_stm32f765xx.s

3 symbols



ARM Macro Assembler    Page 1 Alphabetic symbol ordering
Relocatable symbols

.text 00000000

Symbol: .text
   Definitions
      At line 206 in file startup_stm32f765xx.s
   Uses
      None
Comment: .text unused
ADC_IRQHandler 0000002C

Symbol: ADC_IRQHandler
   Definitions
      At line 397 in file startup_stm32f765xx.s
   Uses
      At line 110 in file startup_stm32f765xx.s
      At line 291 in file startup_stm32f765xx.s

BusFault_Handler 00000020

Symbol: BusFault_Handler
   Definitions
      At line 244 in file startup_stm32f765xx.s
   Uses
      At line 79 in file startup_stm32f765xx.s
      At line 245 in file startup_stm32f765xx.s

CAN1_RX0_IRQHandler 0000002C

Symbol: CAN1_RX0_IRQHandler
   Definitions
      At line 399 in file startup_stm32f765xx.s
   Uses
      At line 112 in file startup_stm32f765xx.s
      At line 293 in file startup_stm32f765xx.s

CAN1_RX1_IRQHandler 0000002C

Symbol: CAN1_RX1_IRQHandler
   Definitions
      At line 400 in file startup_stm32f765xx.s
   Uses
      At line 113 in file startup_stm32f765xx.s
      At line 294 in file startup_stm32f765xx.s

CAN1_SCE_IRQHandler 0000002C

Symbol: CAN1_SCE_IRQHandler
   Definitions
      At line 401 in file startup_stm32f765xx.s
   Uses
      At line 114 in file startup_stm32f765xx.s
      At line 295 in file startup_stm32f765xx.s

CAN1_TX_IRQHandler 0000002C

Symbol: CAN1_TX_IRQHandler
   Definitions
      At line 398 in file startup_stm32f765xx.s
   Uses



ARM Macro Assembler    Page 2 Alphabetic symbol ordering
Relocatable symbols

      At line 111 in file startup_stm32f765xx.s
      At line 292 in file startup_stm32f765xx.s

CAN2_RX0_IRQHandler 0000002C

Symbol: CAN2_RX0_IRQHandler
   Definitions
      At line 443 in file startup_stm32f765xx.s
   Uses
      At line 156 in file startup_stm32f765xx.s
      At line 337 in file startup_stm32f765xx.s

CAN2_RX1_IRQHandler 0000002C

Symbol: CAN2_RX1_IRQHandler
   Definitions
      At line 444 in file startup_stm32f765xx.s
   Uses
      At line 157 in file startup_stm32f765xx.s
      At line 338 in file startup_stm32f765xx.s

CAN2_SCE_IRQHandler 0000002C

Symbol: CAN2_SCE_IRQHandler
   Definitions
      At line 445 in file startup_stm32f765xx.s
   Uses
      At line 158 in file startup_stm32f765xx.s
      At line 339 in file startup_stm32f765xx.s

CAN2_TX_IRQHandler 0000002C

Symbol: CAN2_TX_IRQHandler
   Definitions
      At line 442 in file startup_stm32f765xx.s
   Uses
      At line 155 in file startup_stm32f765xx.s
      At line 336 in file startup_stm32f765xx.s

CAN3_RX0_IRQHandler 0000002C

Symbol: CAN3_RX0_IRQHandler
   Definitions
      At line 480 in file startup_stm32f765xx.s
   Uses
      At line 197 in file startup_stm32f765xx.s
      At line 374 in file startup_stm32f765xx.s

CAN3_RX1_IRQHandler 0000002C

Symbol: CAN3_RX1_IRQHandler
   Definitions
      At line 481 in file startup_stm32f765xx.s
   Uses
      At line 198 in file startup_stm32f765xx.s
      At line 375 in file startup_stm32f765xx.s

CAN3_SCE_IRQHandler 0000002C




ARM Macro Assembler    Page 3 Alphabetic symbol ordering
Relocatable symbols

Symbol: CAN3_SCE_IRQHandler
   Definitions
      At line 482 in file startup_stm32f765xx.s
   Uses
      At line 199 in file startup_stm32f765xx.s
      At line 376 in file startup_stm32f765xx.s

CAN3_TX_IRQHandler 0000002C

Symbol: CAN3_TX_IRQHandler
   Definitions
      At line 479 in file startup_stm32f765xx.s
   Uses
      At line 196 in file startup_stm32f765xx.s
      At line 373 in file startup_stm32f765xx.s

CEC_IRQHandler 0000002C

Symbol: CEC_IRQHandler
   Definitions
      At line 470 in file startup_stm32f765xx.s
   Uses
      At line 186 in file startup_stm32f765xx.s
      At line 364 in file startup_stm32f765xx.s

DCMI_IRQHandler 0000002C

Symbol: DCMI_IRQHandler
   Definitions
      At line 457 in file startup_stm32f765xx.s
   Uses
      At line 170 in file startup_stm32f765xx.s
      At line 351 in file startup_stm32f765xx.s

DFSDM1_FLT0_IRQHandler 0000002C

Symbol: DFSDM1_FLT0_IRQHandler
   Definitions
      At line 474 in file startup_stm32f765xx.s
   Uses
      At line 191 in file startup_stm32f765xx.s
      At line 368 in file startup_stm32f765xx.s

DFSDM1_FLT1_IRQHandler 0000002C

Symbol: DFSDM1_FLT1_IRQHandler
   Definitions
      At line 475 in file startup_stm32f765xx.s
   Uses
      At line 192 in file startup_stm32f765xx.s
      At line 369 in file startup_stm32f765xx.s

DFSDM1_FLT2_IRQHandler 0000002C

Symbol: DFSDM1_FLT2_IRQHandler
   Definitions
      At line 476 in file startup_stm32f765xx.s
   Uses
      At line 193 in file startup_stm32f765xx.s



ARM Macro Assembler    Page 4 Alphabetic symbol ordering
Relocatable symbols

      At line 370 in file startup_stm32f765xx.s

DFSDM1_FLT3_IRQHandler 0000002C

Symbol: DFSDM1_FLT3_IRQHandler
   Definitions
      At line 477 in file startup_stm32f765xx.s
   Uses
      At line 194 in file startup_stm32f765xx.s
      At line 371 in file startup_stm32f765xx.s

DMA1_Stream0_IRQHandler 0000002C

Symbol: DMA1_Stream0_IRQHandler
   Definitions
      At line 390 in file startup_stm32f765xx.s
   Uses
      At line 103 in file startup_stm32f765xx.s
      At line 284 in file startup_stm32f765xx.s

DMA1_Stream1_IRQHandler 0000002C

Symbol: DMA1_Stream1_IRQHandler
   Definitions
      At line 391 in file startup_stm32f765xx.s
   Uses
      At line 104 in file startup_stm32f765xx.s
      At line 285 in file startup_stm32f765xx.s

DMA1_Stream2_IRQHandler 0000002C

Symbol: DMA1_Stream2_IRQHandler
   Definitions
      At line 392 in file startup_stm32f765xx.s
   Uses
      At line 105 in file startup_stm32f765xx.s
      At line 286 in file startup_stm32f765xx.s

DMA1_Stream3_IRQHandler 0000002C

Symbol: DMA1_Stream3_IRQHandler
   Definitions
      At line 393 in file startup_stm32f765xx.s
   Uses
      At line 106 in file startup_stm32f765xx.s
      At line 287 in file startup_stm32f765xx.s

DMA1_Stream4_IRQHandler 0000002C

Symbol: DMA1_Stream4_IRQHandler
   Definitions
      At line 394 in file startup_stm32f765xx.s
   Uses
      At line 107 in file startup_stm32f765xx.s
      At line 288 in file startup_stm32f765xx.s

DMA1_Stream5_IRQHandler 0000002C

Symbol: DMA1_Stream5_IRQHandler



ARM Macro Assembler    Page 5 Alphabetic symbol ordering
Relocatable symbols

   Definitions
      At line 395 in file startup_stm32f765xx.s
   Uses
      At line 108 in file startup_stm32f765xx.s
      At line 289 in file startup_stm32f765xx.s

DMA1_Stream6_IRQHandler 0000002C

Symbol: DMA1_Stream6_IRQHandler
   Definitions
      At line 396 in file startup_stm32f765xx.s
   Uses
      At line 109 in file startup_stm32f765xx.s
      At line 290 in file startup_stm32f765xx.s

DMA1_Stream7_IRQHandler 0000002C

Symbol: DMA1_Stream7_IRQHandler
   Definitions
      At line 426 in file startup_stm32f765xx.s
   Uses
      At line 139 in file startup_stm32f765xx.s
      At line 320 in file startup_stm32f765xx.s

DMA2D_IRQHandler 0000002C

Symbol: DMA2D_IRQHandler
   Definitions
      At line 466 in file startup_stm32f765xx.s
   Uses
      At line 182 in file startup_stm32f765xx.s
      At line 360 in file startup_stm32f765xx.s

DMA2_Stream0_IRQHandler 0000002C

Symbol: DMA2_Stream0_IRQHandler
   Definitions
      At line 435 in file startup_stm32f765xx.s
   Uses
      At line 148 in file startup_stm32f765xx.s
      At line 329 in file startup_stm32f765xx.s

DMA2_Stream1_IRQHandler 0000002C

Symbol: DMA2_Stream1_IRQHandler
   Definitions
      At line 436 in file startup_stm32f765xx.s
   Uses
      At line 149 in file startup_stm32f765xx.s
      At line 330 in file startup_stm32f765xx.s

DMA2_Stream2_IRQHandler 0000002C

Symbol: DMA2_Stream2_IRQHandler
   Definitions
      At line 437 in file startup_stm32f765xx.s
   Uses
      At line 150 in file startup_stm32f765xx.s
      At line 331 in file startup_stm32f765xx.s



ARM Macro Assembler    Page 6 Alphabetic symbol ordering
Relocatable symbols


DMA2_Stream3_IRQHandler 0000002C

Symbol: DMA2_Stream3_IRQHandler
   Definitions
      At line 438 in file startup_stm32f765xx.s
   Uses
      At line 151 in file startup_stm32f765xx.s
      At line 332 in file startup_stm32f765xx.s

DMA2_Stream4_IRQHandler 0000002C

Symbol: DMA2_Stream4_IRQHandler
   Definitions
      At line 439 in file startup_stm32f765xx.s
   Uses
      At line 152 in file startup_stm32f765xx.s
      At line 333 in file startup_stm32f765xx.s

DMA2_Stream5_IRQHandler 0000002C

Symbol: DMA2_Stream5_IRQHandler
   Definitions
      At line 447 in file startup_stm32f765xx.s
   Uses
      At line 160 in file startup_stm32f765xx.s
      At line 341 in file startup_stm32f765xx.s

DMA2_Stream6_IRQHandler 0000002C

Symbol: DMA2_Stream6_IRQHandler
   Definitions
      At line 448 in file startup_stm32f765xx.s
   Uses
      At line 161 in file startup_stm32f765xx.s
      At line 342 in file startup_stm32f765xx.s

DMA2_Stream7_IRQHandler 0000002C

Symbol: DMA2_Stream7_IRQHandler
   Definitions
      At line 449 in file startup_stm32f765xx.s
   Uses
      At line 162 in file startup_stm32f765xx.s
      At line 343 in file startup_stm32f765xx.s

DebugMon_Handler 00000026

Symbol: DebugMon_Handler
   Definitions
      At line 258 in file startup_stm32f765xx.s
   Uses
      At line 86 in file startup_stm32f765xx.s
      At line 259 in file startup_stm32f765xx.s

Default_Handler 0000002C

Symbol: Default_Handler
   Definitions



ARM Macro Assembler    Page 7 Alphabetic symbol ordering
Relocatable symbols

      At line 271 in file startup_stm32f765xx.s
   Uses
      None
Comment: Default_Handler unused
ETH_IRQHandler 0000002C

Symbol: ETH_IRQHandler
   Definitions
      At line 440 in file startup_stm32f765xx.s
   Uses
      At line 153 in file startup_stm32f765xx.s
      At line 334 in file startup_stm32f765xx.s

ETH_WKUP_IRQHandler 0000002C

Symbol: ETH_WKUP_IRQHandler
   Definitions
      At line 441 in file startup_stm32f765xx.s
   Uses
      At line 154 in file startup_stm32f765xx.s
      At line 335 in file startup_stm32f765xx.s

EXTI0_IRQHandler 0000002C

Symbol: EXTI0_IRQHandler
   Definitions
      At line 385 in file startup_stm32f765xx.s
   Uses
      At line 98 in file startup_stm32f765xx.s
      At line 279 in file startup_stm32f765xx.s

EXTI15_10_IRQHandler 0000002C

Symbol: EXTI15_10_IRQHandler
   Definitions
      At line 419 in file startup_stm32f765xx.s
   Uses
      At line 132 in file startup_stm32f765xx.s
      At line 313 in file startup_stm32f765xx.s

EXTI1_IRQHandler 0000002C

Symbol: EXTI1_IRQHandler
   Definitions
      At line 386 in file startup_stm32f765xx.s
   Uses
      At line 99 in file startup_stm32f765xx.s
      At line 280 in file startup_stm32f765xx.s

EXTI2_IRQHandler 0000002C

Symbol: EXTI2_IRQHandler
   Definitions
      At line 387 in file startup_stm32f765xx.s
   Uses
      At line 100 in file startup_stm32f765xx.s
      At line 281 in file startup_stm32f765xx.s

EXTI3_IRQHandler 0000002C



ARM Macro Assembler    Page 8 Alphabetic symbol ordering
Relocatable symbols


Symbol: EXTI3_IRQHandler
   Definitions
      At line 388 in file startup_stm32f765xx.s
   Uses
      At line 101 in file startup_stm32f765xx.s
      At line 282 in file startup_stm32f765xx.s

EXTI4_IRQHandler 0000002C

Symbol: EXTI4_IRQHandler
   Definitions
      At line 389 in file startup_stm32f765xx.s
   Uses
      At line 102 in file startup_stm32f765xx.s
      At line 283 in file startup_stm32f765xx.s

EXTI9_5_IRQHandler 0000002C

Symbol: EXTI9_5_IRQHandler
   Definitions
      At line 402 in file startup_stm32f765xx.s
   Uses
      At line 115 in file startup_stm32f765xx.s
      At line 296 in file startup_stm32f765xx.s

FLASH_IRQHandler 0000002C

Symbol: FLASH_IRQHandler
   Definitions
      At line 383 in file startup_stm32f765xx.s
   Uses
      At line 96 in file startup_stm32f765xx.s
      At line 277 in file startup_stm32f765xx.s

FMC_IRQHandler 0000002C

Symbol: FMC_IRQHandler
   Definitions
      At line 427 in file startup_stm32f765xx.s
   Uses
      At line 140 in file startup_stm32f765xx.s
      At line 321 in file startup_stm32f765xx.s

FPU_IRQHandler 0000002C

Symbol: FPU_IRQHandler
   Definitions
      At line 459 in file startup_stm32f765xx.s
   Uses
      At line 173 in file startup_stm32f765xx.s
      At line 353 in file startup_stm32f765xx.s

Fill 0000000A

Symbol: Fill
   Definitions
      At line 217 in file startup_stm32f765xx.s
   Uses



ARM Macro Assembler    Page 9 Alphabetic symbol ordering
Relocatable symbols

      At line 219 in file startup_stm32f765xx.s
Comment: Fill used once
HardFault_Handler 0000001C

Symbol: HardFault_Handler
   Definitions
      At line 234 in file startup_stm32f765xx.s
   Uses
      At line 77 in file startup_stm32f765xx.s
      At line 235 in file startup_stm32f765xx.s

I2C1_ER_IRQHandler 0000002C

Symbol: I2C1_ER_IRQHandler
   Definitions
      At line 411 in file startup_stm32f765xx.s
   Uses
      At line 124 in file startup_stm32f765xx.s
      At line 305 in file startup_stm32f765xx.s

I2C1_EV_IRQHandler 0000002C

Symbol: I2C1_EV_IRQHandler
   Definitions
      At line 410 in file startup_stm32f765xx.s
   Uses
      At line 123 in file startup_stm32f765xx.s
      At line 304 in file startup_stm32f765xx.s

I2C2_ER_IRQHandler 0000002C

Symbol: I2C2_ER_IRQHandler
   Definitions
      At line 413 in file startup_stm32f765xx.s
   Uses
      At line 126 in file startup_stm32f765xx.s
      At line 307 in file startup_stm32f765xx.s

I2C2_EV_IRQHandler 0000002C

Symbol: I2C2_EV_IRQHandler
   Definitions
      At line 412 in file startup_stm32f765xx.s
   Uses
      At line 125 in file startup_stm32f765xx.s
      At line 306 in file startup_stm32f765xx.s

I2C3_ER_IRQHandler 0000002C

Symbol: I2C3_ER_IRQHandler
   Definitions
      At line 452 in file startup_stm32f765xx.s
   Uses
      At line 165 in file startup_stm32f765xx.s
      At line 346 in file startup_stm32f765xx.s

I2C3_EV_IRQHandler 0000002C

Symbol: I2C3_EV_IRQHandler



ARM Macro Assembler    Page 10 Alphabetic symbol ordering
Relocatable symbols

   Definitions
      At line 451 in file startup_stm32f765xx.s
   Uses
      At line 164 in file startup_stm32f765xx.s
      At line 345 in file startup_stm32f765xx.s

I2C4_ER_IRQHandler 0000002C

Symbol: I2C4_ER_IRQHandler
   Definitions
      At line 472 in file startup_stm32f765xx.s
   Uses
      At line 188 in file startup_stm32f765xx.s
      At line 366 in file startup_stm32f765xx.s

I2C4_EV_IRQHandler 0000002C

Symbol: I2C4_EV_IRQHandler
   Definitions
      At line 471 in file startup_stm32f765xx.s
   Uses
      At line 187 in file startup_stm32f765xx.s
      At line 365 in file startup_stm32f765xx.s

LPTIM1_IRQHandler 0000002C

Symbol: LPTIM1_IRQHandler
   Definitions
      At line 469 in file startup_stm32f765xx.s
   Uses
      At line 185 in file startup_stm32f765xx.s
      At line 363 in file startup_stm32f765xx.s

MDIOS_IRQHandler 0000002C

Symbol: MDIOS_IRQHandler
   Definitions
      At line 483 in file startup_stm32f765xx.s
   Uses
      At line 201 in file startup_stm32f765xx.s
      At line 377 in file startup_stm32f765xx.s

MemManage_Handler 0000001E

Symbol: MemManage_Handler
   Definitions
      At line 239 in file startup_stm32f765xx.s
   Uses
      At line 78 in file startup_stm32f765xx.s
      At line 240 in file startup_stm32f765xx.s

NMI_Handler 0000001A

Symbol: NMI_Handler
   Definitions
      At line 229 in file startup_stm32f765xx.s
   Uses
      At line 76 in file startup_stm32f765xx.s
      At line 230 in file startup_stm32f765xx.s



ARM Macro Assembler    Page 11 Alphabetic symbol ordering
Relocatable symbols


OTG_FS_IRQHandler 0000002C

Symbol: OTG_FS_IRQHandler
   Definitions
      At line 446 in file startup_stm32f765xx.s
   Uses
      At line 159 in file startup_stm32f765xx.s
      At line 340 in file startup_stm32f765xx.s

OTG_FS_WKUP_IRQHandler 0000002C

Symbol: OTG_FS_WKUP_IRQHandler
   Definitions
      At line 421 in file startup_stm32f765xx.s
   Uses
      At line 134 in file startup_stm32f765xx.s
      At line 315 in file startup_stm32f765xx.s

OTG_HS_EP1_IN_IRQHandler 0000002C

Symbol: OTG_HS_EP1_IN_IRQHandler
   Definitions
      At line 454 in file startup_stm32f765xx.s
   Uses
      At line 167 in file startup_stm32f765xx.s
      At line 348 in file startup_stm32f765xx.s

OTG_HS_EP1_OUT_IRQHandler 0000002C

Symbol: OTG_HS_EP1_OUT_IRQHandler
   Definitions
      At line 453 in file startup_stm32f765xx.s
   Uses
      At line 166 in file startup_stm32f765xx.s
      At line 347 in file startup_stm32f765xx.s

OTG_HS_IRQHandler 0000002C

Symbol: OTG_HS_IRQHandler
   Definitions
      At line 456 in file startup_stm32f765xx.s
   Uses
      At line 169 in file startup_stm32f765xx.s
      At line 350 in file startup_stm32f765xx.s

OTG_HS_WKUP_IRQHandler 0000002C

Symbol: OTG_HS_WKUP_IRQHandler
   Definitions
      At line 455 in file startup_stm32f765xx.s
   Uses
      At line 168 in file startup_stm32f765xx.s
      At line 349 in file startup_stm32f765xx.s

PVD_IRQHandler 0000002C

Symbol: PVD_IRQHandler
   Definitions



ARM Macro Assembler    Page 12 Alphabetic symbol ordering
Relocatable symbols

      At line 380 in file startup_stm32f765xx.s
   Uses
      At line 93 in file startup_stm32f765xx.s
      At line 274 in file startup_stm32f765xx.s

PendSV_Handler 00000028

Symbol: PendSV_Handler
   Definitions
      At line 262 in file startup_stm32f765xx.s
   Uses
      At line 88 in file startup_stm32f765xx.s
      At line 263 in file startup_stm32f765xx.s

QUADSPI_IRQHandler 0000002C

Symbol: QUADSPI_IRQHandler
   Definitions
      At line 468 in file startup_stm32f765xx.s
   Uses
      At line 184 in file startup_stm32f765xx.s
      At line 362 in file startup_stm32f765xx.s

RCC_IRQHandler 0000002C

Symbol: RCC_IRQHandler
   Definitions
      At line 384 in file startup_stm32f765xx.s
   Uses
      At line 97 in file startup_stm32f765xx.s
      At line 278 in file startup_stm32f765xx.s

RNG_IRQHandler 0000002C

Symbol: RNG_IRQHandler
   Definitions
      At line 458 in file startup_stm32f765xx.s
   Uses
      At line 172 in file startup_stm32f765xx.s
      At line 352 in file startup_stm32f765xx.s

RTC_Alarm_IRQHandler 0000002C

Symbol: RTC_Alarm_IRQHandler
   Definitions
      At line 420 in file startup_stm32f765xx.s
   Uses
      At line 133 in file startup_stm32f765xx.s
      At line 314 in file startup_stm32f765xx.s

RTC_WKUP_IRQHandler 0000002C

Symbol: RTC_WKUP_IRQHandler
   Definitions
      At line 382 in file startup_stm32f765xx.s
   Uses
      At line 95 in file startup_stm32f765xx.s
      At line 276 in file startup_stm32f765xx.s




ARM Macro Assembler    Page 13 Alphabetic symbol ordering
Relocatable symbols

Reset_Handler 00000000

Symbol: Reset_Handler
   Definitions
      At line 209 in file startup_stm32f765xx.s
   Uses
      At line 75 in file startup_stm32f765xx.s
      At line 210 in file startup_stm32f765xx.s

SAI1_IRQHandler 0000002C

Symbol: SAI1_IRQHandler
   Definitions
      At line 465 in file startup_stm32f765xx.s
   Uses
      At line 179 in file startup_stm32f765xx.s
      At line 359 in file startup_stm32f765xx.s

SAI2_IRQHandler 0000002C

Symbol: SAI2_IRQHandler
   Definitions
      At line 467 in file startup_stm32f765xx.s
   Uses
      At line 183 in file startup_stm32f765xx.s
      At line 361 in file startup_stm32f765xx.s

SDMMC1_IRQHandler 0000002C

Symbol: SDMMC1_IRQHandler
   Definitions
      At line 428 in file startup_stm32f765xx.s
   Uses
      At line 141 in file startup_stm32f765xx.s
      At line 322 in file startup_stm32f765xx.s

SDMMC2_IRQHandler 0000002C

Symbol: SDMMC2_IRQHandler
   Definitions
      At line 478 in file startup_stm32f765xx.s
   Uses
      At line 195 in file startup_stm32f765xx.s
      At line 372 in file startup_stm32f765xx.s

SPDIF_RX_IRQHandler 0000002C

Symbol: SPDIF_RX_IRQHandler
   Definitions
      At line 473 in file startup_stm32f765xx.s
   Uses
      At line 189 in file startup_stm32f765xx.s
      At line 367 in file startup_stm32f765xx.s

SPI1_IRQHandler 0000002C

Symbol: SPI1_IRQHandler
   Definitions
      At line 414 in file startup_stm32f765xx.s



ARM Macro Assembler    Page 14 Alphabetic symbol ordering
Relocatable symbols

   Uses
      At line 127 in file startup_stm32f765xx.s
      At line 308 in file startup_stm32f765xx.s

SPI2_IRQHandler 0000002C

Symbol: SPI2_IRQHandler
   Definitions
      At line 415 in file startup_stm32f765xx.s
   Uses
      At line 128 in file startup_stm32f765xx.s
      At line 309 in file startup_stm32f765xx.s

SPI3_IRQHandler 0000002C

Symbol: SPI3_IRQHandler
   Definitions
      At line 430 in file startup_stm32f765xx.s
   Uses
      At line 143 in file startup_stm32f765xx.s
      At line 324 in file startup_stm32f765xx.s

SPI4_IRQHandler 0000002C

Symbol: SPI4_IRQHandler
   Definitions
      At line 462 in file startup_stm32f765xx.s
   Uses
      At line 176 in file startup_stm32f765xx.s
      At line 356 in file startup_stm32f765xx.s

SPI5_IRQHandler 0000002C

Symbol: SPI5_IRQHandler
   Definitions
      At line 463 in file startup_stm32f765xx.s
   Uses
      At line 177 in file startup_stm32f765xx.s
      At line 357 in file startup_stm32f765xx.s

SPI6_IRQHandler 0000002C

Symbol: SPI6_IRQHandler
   Definitions
      At line 464 in file startup_stm32f765xx.s
   Uses
      At line 178 in file startup_stm32f765xx.s
      At line 358 in file startup_stm32f765xx.s

SVC_Handler 00000024

Symbol: SVC_Handler
   Definitions
      At line 253 in file startup_stm32f765xx.s
   Uses
      At line 85 in file startup_stm32f765xx.s
      At line 254 in file startup_stm32f765xx.s

SysTick_Handler 0000002A



ARM Macro Assembler    Page 15 Alphabetic symbol ordering
Relocatable symbols


Symbol: SysTick_Handler
   Definitions
      At line 266 in file startup_stm32f765xx.s
   Uses
      At line 89 in file startup_stm32f765xx.s
      At line 267 in file startup_stm32f765xx.s

TAMP_STAMP_IRQHandler 0000002C

Symbol: TAMP_STAMP_IRQHandler
   Definitions
      At line 381 in file startup_stm32f765xx.s
   Uses
      At line 94 in file startup_stm32f765xx.s
      At line 275 in file startup_stm32f765xx.s

TIM1_BRK_TIM9_IRQHandler 0000002C

Symbol: TIM1_BRK_TIM9_IRQHandler
   Definitions
      At line 403 in file startup_stm32f765xx.s
   Uses
      At line 116 in file startup_stm32f765xx.s
      At line 297 in file startup_stm32f765xx.s

TIM1_CC_IRQHandler 0000002C

Symbol: TIM1_CC_IRQHandler
   Definitions
      At line 406 in file startup_stm32f765xx.s
   Uses
      At line 119 in file startup_stm32f765xx.s
      At line 300 in file startup_stm32f765xx.s

TIM1_TRG_COM_TIM11_IRQHandler 0000002C

Symbol: TIM1_TRG_COM_TIM11_IRQHandler
   Definitions
      At line 405 in file startup_stm32f765xx.s
   Uses
      At line 118 in file startup_stm32f765xx.s
      At line 299 in file startup_stm32f765xx.s

TIM1_UP_TIM10_IRQHandler 0000002C

Symbol: TIM1_UP_TIM10_IRQHandler
   Definitions
      At line 404 in file startup_stm32f765xx.s
   Uses
      At line 117 in file startup_stm32f765xx.s
      At line 298 in file startup_stm32f765xx.s

TIM2_IRQHandler 0000002C

Symbol: TIM2_IRQHandler
   Definitions
      At line 407 in file startup_stm32f765xx.s
   Uses



ARM Macro Assembler    Page 16 Alphabetic symbol ordering
Relocatable symbols

      At line 120 in file startup_stm32f765xx.s
      At line 301 in file startup_stm32f765xx.s

TIM3_IRQHandler 0000002C

Symbol: TIM3_IRQHandler
   Definitions
      At line 408 in file startup_stm32f765xx.s
   Uses
      At line 121 in file startup_stm32f765xx.s
      At line 302 in file startup_stm32f765xx.s

TIM4_IRQHandler 0000002C

Symbol: TIM4_IRQHandler
   Definitions
      At line 409 in file startup_stm32f765xx.s
   Uses
      At line 122 in file startup_stm32f765xx.s
      At line 303 in file startup_stm32f765xx.s

TIM5_IRQHandler 0000002C

Symbol: TIM5_IRQHandler
   Definitions
      At line 429 in file startup_stm32f765xx.s
   Uses
      At line 142 in file startup_stm32f765xx.s
      At line 323 in file startup_stm32f765xx.s

TIM6_DAC_IRQHandler 0000002C

Symbol: TIM6_DAC_IRQHandler
   Definitions
      At line 433 in file startup_stm32f765xx.s
   Uses
      At line 146 in file startup_stm32f765xx.s
      At line 327 in file startup_stm32f765xx.s

TIM7_IRQHandler 0000002C

Symbol: TIM7_IRQHandler
   Definitions
      At line 434 in file startup_stm32f765xx.s
   Uses
      At line 147 in file startup_stm32f765xx.s
      At line 328 in file startup_stm32f765xx.s

TIM8_BRK_TIM12_IRQHandler 0000002C

Symbol: TIM8_BRK_TIM12_IRQHandler
   Definitions
      At line 422 in file startup_stm32f765xx.s
   Uses
      At line 135 in file startup_stm32f765xx.s
      At line 316 in file startup_stm32f765xx.s

TIM8_CC_IRQHandler 0000002C




ARM Macro Assembler    Page 17 Alphabetic symbol ordering
Relocatable symbols

Symbol: TIM8_CC_IRQHandler
   Definitions
      At line 425 in file startup_stm32f765xx.s
   Uses
      At line 138 in file startup_stm32f765xx.s
      At line 319 in file startup_stm32f765xx.s

TIM8_TRG_COM_TIM14_IRQHandler 0000002C

Symbol: TIM8_TRG_COM_TIM14_IRQHandler
   Definitions
      At line 424 in file startup_stm32f765xx.s
   Uses
      At line 137 in file startup_stm32f765xx.s
      At line 318 in file startup_stm32f765xx.s

TIM8_UP_TIM13_IRQHandler 0000002C

Symbol: TIM8_UP_TIM13_IRQHandler
   Definitions
      At line 423 in file startup_stm32f765xx.s
   Uses
      At line 136 in file startup_stm32f765xx.s
      At line 317 in file startup_stm32f765xx.s

UART4_IRQHandler 0000002C

Symbol: UART4_IRQHandler
   Definitions
      At line 431 in file startup_stm32f765xx.s
   Uses
      At line 144 in file startup_stm32f765xx.s
      At line 325 in file startup_stm32f765xx.s

UART5_IRQHandler 0000002C

Symbol: UART5_IRQHandler
   Definitions
      At line 432 in file startup_stm32f765xx.s
   Uses
      At line 145 in file startup_stm32f765xx.s
      At line 326 in file startup_stm32f765xx.s

UART7_IRQHandler 0000002C

Symbol: UART7_IRQHandler
   Definitions
      At line 460 in file startup_stm32f765xx.s
   Uses
      At line 174 in file startup_stm32f765xx.s
      At line 354 in file startup_stm32f765xx.s

UART8_IRQHandler 0000002C

Symbol: UART8_IRQHandler
   Definitions
      At line 461 in file startup_stm32f765xx.s
   Uses
      At line 175 in file startup_stm32f765xx.s



ARM Macro Assembler    Page 18 Alphabetic symbol ordering
Relocatable symbols

      At line 355 in file startup_stm32f765xx.s

USART1_IRQHandler 0000002C

Symbol: USART1_IRQHandler
   Definitions
      At line 416 in file startup_stm32f765xx.s
   Uses
      At line 129 in file startup_stm32f765xx.s
      At line 310 in file startup_stm32f765xx.s

USART2_IRQHandler 0000002C

Symbol: USART2_IRQHandler
   Definitions
      At line 417 in file startup_stm32f765xx.s
   Uses
      At line 130 in file startup_stm32f765xx.s
      At line 311 in file startup_stm32f765xx.s

USART3_IRQHandler 0000002C

Symbol: USART3_IRQHandler
   Definitions
      At line 418 in file startup_stm32f765xx.s
   Uses
      At line 131 in file startup_stm32f765xx.s
      At line 312 in file startup_stm32f765xx.s

USART6_IRQHandler 0000002C

Symbol: USART6_IRQHandler
   Definitions
      At line 450 in file startup_stm32f765xx.s
   Uses
      At line 163 in file startup_stm32f765xx.s
      At line 344 in file startup_stm32f765xx.s

UsageFault_Handler 00000022

Symbol: UsageFault_Handler
   Definitions
      At line 249 in file startup_stm32f765xx.s
   Uses
      At line 80 in file startup_stm32f765xx.s
      At line 250 in file startup_stm32f765xx.s

WWDG_IRQHandler 0000002C

Symbol: WWDG_IRQHandler
   Definitions
      At line 379 in file startup_stm32f765xx.s
   Uses
      At line 92 in file startup_stm32f765xx.s
      At line 273 in file startup_stm32f765xx.s

118 symbols



ARM Macro Assembler    Page 1 Alphabetic symbol ordering
Absolute symbols

Heap_Size 00000200

Symbol: Heap_Size
   Definitions
      At line 57 in file startup_stm32f765xx.s
   Uses
      At line 61 in file startup_stm32f765xx.s
Comment: Heap_Size used once
Stack_Size 00000400

Symbol: Stack_Size
   Definitions
      At line 46 in file startup_stm32f765xx.s
   Uses
      At line 49 in file startup_stm32f765xx.s
      At line 215 in file startup_stm32f765xx.s

__Vectors_Size 000001F8

Symbol: __Vectors_Size
   Definitions
      At line 204 in file startup_stm32f765xx.s
   Uses
      At line 72 in file startup_stm32f765xx.s
Comment: __Vectors_Size used once
3 symbols



ARM Macro Assembler    Page 1 Alphabetic symbol ordering
External symbols

SystemInit 00000000

Symbol: SystemInit
   Definitions
      At line 211 in file startup_stm32f765xx.s
   Uses
      At line 221 in file startup_stm32f765xx.s
Comment: SystemInit used once
__main 00000000

Symbol: __main
   Definitions
      At line 212 in file startup_stm32f765xx.s
   Uses
      At line 223 in file startup_stm32f765xx.s
Comment: __main used once
2 symbols
470 symbols in table
